#
# A fatal error has been detected by the Java Runtime Environment:
#
#  Internal Error (javaClasses.cpp:124), pid=13296, tid=13280
#  fatal error: Invalid layout of preloaded class
#
# JRE version:  (8.0-b132) (build )
# Java VM: Java HotSpot(TM) 64-Bit Server VM (25.0-b70 mixed mode windows-amd64 compressed oops)
# Failed to write core dump. Minidumps are not enabled by default on client versions of Windows
#
# If you would like to submit a bug report, please visit:
#   http://bugreport.sun.com/bugreport/crash.jsp
#

---------------  T H R E A D  ---------------

Current thread (0x0000000002242800):  JavaThread "Unknown thread" [_thread_in_vm, id=13280, stack(0x0000000002140000,0x0000000002240000)]

Stack: [0x0000000002140000,0x0000000002240000]
Native frames: (J=compiled Java code, j=interpreted, Vv=VM code, C=native code)
V  [jvm.dll+0x308e0a]
V  [jvm.dll+0x25df11]
V  [jvm.dll+0x25eb2f]
V  [jvm.dll+0x256486]
V  [jvm.dll+0x5d36c]
V  [jvm.dll+0x5d463]
V  [jvm.dll+0x71d5a]
V  [jvm.dll+0x720b8]
V  [jvm.dll+0xe1637]
V  [jvm.dll+0xe19c6]
V  [jvm.dll+0x1f1407]
V  [jvm.dll+0x2227e4]
V  [jvm.dll+0x149f91]
C  [javaw.exe+0x208a]
C  [javaw.exe+0xc9db]
C  [javaw.exe+0xca6f]
C  [KERNEL32.DLL+0x16ad]
C  [ntdll.dll+0x54409]


---------------  P R O C E S S  ---------------

Java Threads: ( => current thread )

Other Threads:

=>0x0000000002242800 (exited) JavaThread "Unknown thread" [_thread_in_vm, id=13280, stack(0x0000000002140000,0x0000000002240000)]

VM state:not at safepoint (not fully initialized)

VM Mutex/Monitor currently owned by a thread: None

GC Heap History (0 events):
No events

Deoptimization events (0 events):
No events

Internal exceptions (0 events):
No events

Events (10 events):
Event: 0.029 loading class java/lang/CharSequence done
Event: 0.030 loading class java/lang/String done
Event: 0.030 loading class java/lang/Class
Event: 0.030 loading class java/lang/reflect/AnnotatedElement
Event: 0.046 loading class java/lang/reflect/AnnotatedElement done
Event: 0.046 loading class java/lang/reflect/GenericDeclaration
Event: 0.046 loading class java/lang/reflect/GenericDeclaration done
Event: 0.046 loading class java/lang/reflect/Type
Event: 0.053 loading class java/lang/reflect/Type done
Event: 0.053 loading class java/lang/Class done


Dynamic libraries:
0x00007ff798d30000 - 0x00007ff798d64000 	C:\Program Files\Java\jre8\bin\javaw.exe
0x00007ffd5a4e0000 - 0x00007ffd5a686000 	C:\WINDOWS\SYSTEM32\ntdll.dll
0x00007ffd58c70000 - 0x00007ffd58daa000 	C:\WINDOWS\system32\KERNEL32.DLL
0x00007ffd56bf0000 - 0x00007ffd56cff000 	C:\WINDOWS\system32\KERNELBASE.dll
0x00007ffd55480000 - 0x00007ffd55508000 	C:\WINDOWS\system32\apphelp.dll
0x00007ffd4b6d0000 - 0x00007ffd4b71f000 	C:\WINDOWS\AppPatch\AppPatch64\AcGenral.DLL
0x00007ffd57000000 - 0x00007ffd570a7000 	C:\WINDOWS\system32\msvcrt.dll
0x00007ffd565d0000 - 0x00007ffd565fb000 	C:\WINDOWS\SYSTEM32\SspiCli.dll
0x00007ffd572b0000 - 0x00007ffd57301000 	C:\WINDOWS\system32\SHLWAPI.dll
0x00007ffd58e60000 - 0x00007ffd58fd1000 	C:\WINDOWS\system32\USER32.dll
0x00007ffd57310000 - 0x00007ffd57488000 	C:\WINDOWS\system32\ole32.dll
0x00007ffd57490000 - 0x00007ffd5889f000 	C:\WINDOWS\system32\SHELL32.dll
0x00007ffd55de0000 - 0x00007ffd55dfe000 	C:\WINDOWS\SYSTEM32\USERENV.dll
0x00007ffd58db0000 - 0x00007ffd58e55000 	C:\WINDOWS\system32\ADVAPI32.dll
0x00007ffd52670000 - 0x00007ffd5268b000 	C:\WINDOWS\SYSTEM32\MPR.dll
0x00007ffd59240000 - 0x00007ffd59377000 	C:\WINDOWS\system32\RPCRT4.dll
0x00007ffd59380000 - 0x00007ffd593d7000 	C:\WINDOWS\SYSTEM32\sechost.dll
0x00007ffd570d0000 - 0x00007ffd572a6000 	C:\WINDOWS\SYSTEM32\combase.dll
0x00007ffd56ea0000 - 0x00007ffd56fe4000 	C:\WINDOWS\system32\GDI32.dll
0x00007ffd567f0000 - 0x00007ffd56804000 	C:\WINDOWS\SYSTEM32\profapi.dll
0x00007ffd55130000 - 0x00007ffd551cf000 	C:\WINDOWS\SYSTEM32\SHCORE.dll
0x00007ffd58960000 - 0x00007ffd58994000 	C:\WINDOWS\system32\IMM32.DLL
0x00007ffd58a50000 - 0x00007ffd58b89000 	C:\WINDOWS\system32\MSCTF.dll
0x00007ffd54d00000 - 0x00007ffd54f5a000 	C:\WINDOWS\WinSxS\amd64_microsoft.windows.common-controls_6595b64144ccf1df_6.0.9600.17031_none_6242a4b3ecbb55a1\COMCTL32.dll
0x00007ffd4a2c0000 - 0x00007ffd4a349000 	C:\Program Files (x86)\AVG\AVG2015\avghooka.dll
0x000000006b260000 - 0x000000006b332000 	C:\Program Files\Java\jre8\bin\msvcr100.dll
0x000000006aa30000 - 0x000000006b25a000 	C:\Program Files\Java\jre8\bin\server\jvm.dll
0x00007ffd4f120000 - 0x00007ffd4f129000 	C:\WINDOWS\SYSTEM32\WSOCK32.dll
0x00007ffd521b0000 - 0x00007ffd521cf000 	C:\WINDOWS\SYSTEM32\WINMM.dll
0x00007ffd56ff0000 - 0x00007ffd56ff7000 	C:\WINDOWS\system32\PSAPI.DLL
0x00007ffd588a0000 - 0x00007ffd588f8000 	C:\WINDOWS\system32\WS2_32.dll
0x00007ffd52150000 - 0x00007ffd5217a000 	C:\WINDOWS\SYSTEM32\WINMMBASE.dll
0x00007ffd58fe0000 - 0x00007ffd58fe9000 	C:\WINDOWS\system32\NSI.dll
0x00007ffd56af0000 - 0x00007ffd56b3a000 	C:\WINDOWS\SYSTEM32\cfgmgr32.dll
0x00007ffd55660000 - 0x00007ffd55686000 	C:\WINDOWS\SYSTEM32\DEVOBJ.dll
0x000000006aa20000 - 0x000000006aa2f000 	C:\Program Files\Java\jre8\bin\verify.dll
0x000000006a9f0000 - 0x000000006aa18000 	C:\Program Files\Java\jre8\bin\java.dll
0x000000006a9d0000 - 0x000000006a9e6000 	C:\Program Files\Java\jre8\bin\zip.dll
0x00007ffd42700000 - 0x00007ffd42888000 	C:\WINDOWS\SYSTEM32\dbghelp.dll

VM Arguments:
jvm_args: -Dfile.encoding=Cp1252 -Xbootclasspath:C:\Users\Aitor\Documents\EclipsesProyecto\adt-bundle-windows-x86_64-20140321\adt-bundle-windows-x86_64-20140321\sdk\platforms\android-19\android.jar 
java_command: es.deusto.series_app.vo.Episodio
java_class_path (initial): C:\Users\Aitor\Documents\workspace\Movilidad_Ubicua\SeriesApp\bin\classes;C:\Users\Aitor\Documents\workspace\Movilidad_Ubicua\SeriesApp\libs\android-support-v4.jar;C:\Users\Aitor\Documents\EclipsesProyecto\adt-bundle-windows-x86_64-20140321\adt-bundle-windows-x86_64-20140321\sdk\extras\google\google_play_services\libproject\google-play-services_lib\libs\google-play-services.jar;C:\Users\Aitor\Documents\workspace\Movilidad_Ubicua\appcompat_v7\libs\android-support-v7-appcompat.jar;C:\Users\Aitor\Documents\workspace\Movilidad_Ubicua\appcompat_v7\bin\appcompat_v7.jar;C:\Users\Aitor\Documents\EclipsesProyecto\adt-bundle-windows-x86_64-20140321\adt-bundle-windows-x86_64-20140321\sdk\extras\google\google_play_services\libproject\google-play-services_lib\bin\google-play-services_lib.jar;C:\Users\Aitor\Documents\EclipsesProyecto\adt-bundle-windows-x86_64-20140321\adt-bundle-windows-x86_64-20140321\sdk\platforms\android-19\android.jar
Launcher Type: SUN_STANDARD

Environment Variables:
JAVA_HOME=C:\Program Files\Java\jdk1.8.0
PATH=C:\Program Files (x86)\Intel\iCLS Client\;C:\Program Files\Intel\iCLS Client\;C:\WINDOWS\system32;C:\WINDOWS;C:\WINDOWS\System32\Wbem;C:\WINDOWS\System32\WindowsPowerShell\v1.0\;C:\Program Files\Intel\Intel(R) Management Engine Components\DAL;C:\Program Files\Intel\Intel(R) Management Engine Components\IPT;C:\Program Files (x86)\Intel\Intel(R) Management Engine Components\DAL;C:\Program Files (x86)\Intel\Intel(R) Management Engine Components\IPT;C:\Program Files (x86)\ATI Technologies\ATI.ACE\Core-Static;C:\Program Files\MATLAB\R2013a\runtime\win64;C:\Program Files\MATLAB\R2013a\bin;C:\Program Files\Java\jdk1.8.0\bin;C:\Program Files\Java\appengine-java-sdk-1.9.15\bin;C:\Program Files\Java\apache-ant-1.9.4\bin
USERNAME=Aitor
OS=Windows_NT
PROCESSOR_IDENTIFIER=Intel64 Family 6 Model 60 Stepping 3, GenuineIntel



---------------  S Y S T E M  ---------------

OS: Windows 8.1 , 64 bit Build 9600 

CPU:total 8 (4 cores per cpu, 2 threads per core) family 6 model 60 stepping 3, cmov, cx8, fxsr, mmx, sse, sse2, sse3, ssse3, sse4.1, sse4.2, popcnt, avx, avx2, aes, clmul, erms, ht, tsc, tscinvbit

Memory: 4k page, physical 6201624k(1348492k free), swap 12755224k(5675832k free)

vm_info: Java HotSpot(TM) 64-Bit Server VM (25.0-b70) for windows-amd64 JRE (1.8.0-b132), built on Mar  4 2014 03:46:18 by "java_re" with MS VC++ 10.0 (VS2010)

time: Sun Jan 11 16:46:54 2015
elapsed time: 0 seconds

